# JRE version: OpenJDK Runtime Environment Temurin-17.0.18+8 (17.0.18+8) (build 17.0.18+8)
# Java VM: OpenJDK 64-Bit Server VM Temurin-17.0.18+8 (17.0.18+8, mixed mode, sharing, tiered, compressed oops, compressed class ptrs, g1 gc, windows-amd64)
GC Precious Log:
 CPUs: 8 total, 8 available
 Memory: 7418M
 Large Page Support: Disabled
 NUMA Support: Disabled
 Compressed Oops: Enabled (32-bit)
 Heap Region Size: 1M
 Heap Min Capacity: 256M
 Heap Initial Capacity: 256M
 Heap Max Capacity: 512M
 Pre-touch: Disabled
 Parallel Workers: 8
 Concurrent Workers: 2
 Concurrent Refinement Workers: 8
 Periodic GC: Disabled
Heap:
 garbage-first heap   total 262144K, used 187019K [0x00000000e0000000, 0x0000000100000000)
  region size 1024K, 105 young (107520K), 9 survivors (9216K)
 Metaspace       used 68064K, committed 68928K, reserved 393216K
  class space    used 9295K, committed 9728K, reserved 327680K
GC Heap History (20 events):
Event: 45.279 GC heap before
{Heap before GC invocations=47 (full 0):
 garbage-first heap   total 262144K, used 77892K [0x00000000e0000000, 0x0000000100000000)
  region size 1024K, 18 young (18432K), 17 survivors (17408K)
 Metaspace       used 46718K, committed 47360K, reserved 393216K
  class space    used 6537K, committed 6848K, reserved 327680K
}
Event: 45.291 GC heap after
{Heap after GC invocations=48 (full 0):
 garbage-first heap   total 262144K, used 71720K [0x00000000e0000000, 0x0000000100000000)
  region size 1024K, 1 young (1024K), 1 survivors (1024K)
 Metaspace       used 46718K, committed 47360K, reserved 393216K
  class space    used 6537K, committed 6848K, reserved 327680K
}
Event: 47.290 GC heap before
{Heap before GC invocations=48 (full 0):
 garbage-first heap   total 262144K, used 216104K [0x00000000e0000000, 0x0000000100000000)
  region size 1024K, 142 young (145408K), 1 survivors (1024K)
 Metaspace       used 51113K, committed 51776K, reserved 393216K
  class space    used 7240K, committed 7552K, reserved 327680K
}
Event: 47.299 GC heap after
{Heap after GC invocations=49 (full 0):
 garbage-first heap   total 262144K, used 76849K [0x00000000e0000000, 0x0000000100000000)
  region size 1024K, 6 young (6144K), 6 survivors (6144K)
 Metaspace       used 51113K, committed 51776K, reserved 393216K
  class space    used 7240K, committed 7552K, reserved 327680K
}
Event: 49.180 GC heap before
{Heap before GC invocations=49 (full 0):
 garbage-first heap   total 262144K, used 216113K [0x00000000e0000000, 0x0000000100000000)
  region size 1024K, 142 young (145408K), 6 survivors (6144K)
 Metaspace       used 52080K, committed 52800K, reserved 393216K
  class space    used 7339K, committed 7680K, reserved 327680K
}
Event: 49.190 GC heap after
{Heap after GC invocations=50 (full 0):
 garbage-first heap   total 262144K, used 81583K [0x00000000e0000000, 0x0000000100000000)
  region size 1024K, 11 young (11264K), 11 survivors (11264K)
 Metaspace       used 52080K, committed 52800K, reserved 393216K
  class space    used 7339K, committed 7680K, reserved 327680K
}
Event: 49.686 GC heap before
{Heap before GC invocations=50 (full 0):
 garbage-first heap   total 262144K, used 215727K [0x00000000e0000000, 0x0000000100000000)
  region size 1024K, 143 young (146432K), 11 survivors (11264K)
 Metaspace       used 52218K, committed 52864K, reserved 393216K
  class space    used 7341K, committed 7680K, reserved 327680K
}
Event: 49.696 GC heap after
{Heap after GC invocations=51 (full 0):
 garbage-first heap   total 262144K, used 83418K [0x00000000e0000000, 0x0000000100000000)
  region size 1024K, 7 young (7168K), 7 survivors (7168K)
 Metaspace       used 52218K, committed 52864K, reserved 393216K
  class space    used 7341K, committed 7680K, reserved 327680K
}
Event: 50.125 GC heap before
{Heap before GC invocations=51 (full 0):
 garbage-first heap   total 262144K, used 220634K [0x00000000e0000000, 0x0000000100000000)
  region size 1024K, 140 young (143360K), 7 survivors (7168K)
 Metaspace       used 52367K, committed 53056K, reserved 393216K
  class space    used 7343K, committed 7680K, reserved 327680K
}
Event: 50.133 GC heap after
{Heap after GC invocations=52 (full 0):
 garbage-first heap   total 262144K, used 84614K [0x00000000e0000000, 0x0000000100000000)
  region size 1024K, 9 young (9216K), 9 survivors (9216K)
 Metaspace       used 52367K, committed 53056K, reserved 393216K
  class space    used 7343K, committed 7680K, reserved 327680K
}
Event: 50.688 GC heap before
{Heap before GC invocations=52 (full 0):
 garbage-first heap   total 262144K, used 219782K [0x00000000e0000000, 0x0000000100000000)
  region size 1024K, 142 young (145408K), 9 survivors (9216K)
 Metaspace       used 52461K, committed 53184K, reserved 393216K
  class space    used 7343K, committed 7680K, reserved 327680K
}
Event: 50.693 GC heap after
{Heap after GC invocations=53 (full 0):
 garbage-first heap   total 262144K, used 84619K [0x00000000e0000000, 0x0000000100000000)
  region size 1024K, 9 young (9216K), 9 survivors (9216K)
 Metaspace       used 52461K, committed 53184K, reserved 393216K
  class space    used 7343K, committed 7680K, reserved 327680K
}
Event: 51.093 GC heap before
{Heap before GC invocations=53 (full 0):
 garbage-first heap   total 262144K, used 220811K [0x00000000e0000000, 0x0000000100000000)
  region size 1024K, 143 young (146432K), 9 survivors (9216K)
 Metaspace       used 52470K, committed 53184K, reserved 393216K
  class space    used 7343K, committed 7680K, reserved 327680K
}
Event: 51.098 GC heap after
{Heap after GC invocations=54 (full 0):
 garbage-first heap   total 262144K, used 84442K [0x00000000e0000000, 0x0000000100000000)
  region size 1024K, 8 young (8192K), 8 survivors (8192K)
 Metaspace       used 52470K, committed 53184K, reserved 393216K
  class space    used 7343K, committed 7680K, reserved 327680K
}
Event: 51.976 GC heap before
{Heap before GC invocations=54 (full 0):
 garbage-first heap   total 262144K, used 224730K [0x00000000e0000000, 0x0000000100000000)
  region size 1024K, 145 young (148480K), 8 survivors (8192K)
 Metaspace       used 52622K, committed 53312K, reserved 393216K
  class space    used 7364K, committed 7680K, reserved 327680K
}
Event: 51.981 GC heap after
{Heap after GC invocations=55 (full 0):
 garbage-first heap   total 262144K, used 82322K [0x00000000e0000000, 0x0000000100000000)
  region size 1024K, 6 young (6144K), 6 survivors (6144K)
 Metaspace       used 52622K, committed 53312K, reserved 393216K
  class space    used 7364K, committed 7680K, reserved 327680K
}
Event: 53.609 GC heap before
{Heap before GC invocations=55 (full 0):
 garbage-first heap   total 262144K, used 224658K [0x00000000e0000000, 0x0000000100000000)
  region size 1024K, 146 young (149504K), 6 survivors (6144K)
 Metaspace       used 54463K, committed 55168K, reserved 393216K
  class space    used 7589K, committed 7936K, reserved 327680K
}
Event: 53.615 GC heap after
{Heap after GC invocations=56 (full 0):
 garbage-first heap   total 262144K, used 86348K [0x00000000e0000000, 0x0000000100000000)
  region size 1024K, 10 young (10240K), 10 survivors (10240K)
 Metaspace       used 54463K, committed 55168K, reserved 393216K
  class space    used 7589K, committed 7936K, reserved 327680K
}
Event: 55.005 GC heap before
{Heap before GC invocations=56 (full 0):
 garbage-first heap   total 262144K, used 138572K [0x00000000e0000000, 0x0000000100000000)
  region size 1024K, 62 young (63488K), 10 survivors (10240K)
 Metaspace       used 59752K, committed 60480K, reserved 393216K
  class space    used 8370K, committed 8704K, reserved 327680K
}
Event: 55.015 GC heap after
{Heap after GC invocations=57 (full 0):
 garbage-first heap   total 262144K, used 89739K [0x00000000e0000000, 0x0000000100000000)
  region size 1024K, 9 young (9216K), 9 survivors (9216K)
 Metaspace       used 59752K, committed 60480K, reserved 393216K
  class space    used 8370K, committed 8704K, reserved 327680K
}

